<?xml version="1.0" encoding="UTF-8"?>
<!-- Generated by org.testng.reporters.JUnitReportReporter -->
<testsuite hostname="Kunwars-Air.lan" failures="0" tests="1" name="RESTAPIPACKAGE.Test_Post" time="1.290" errors="0" timestamp="2025-02-17T19:22:41 IST" skipped="0">
  <testcase classname="RESTAPIPACKAGE.Test_Post" name="test_post" time="1.290"/>
  <system-out/>
</testsuite> <!-- RESTAPIPACKAGE.Test_Post -->
