<?xml version="1.0" encoding="UTF-8"?>
<!-- Generated by org.testng.reporters.JUnitReportReporter -->
<testsuite hostname="Kunwars-Air.lan" failures="0" tests="3" name="RESTAPIPACKAGE.Test_GET" time="1.583" errors="0" timestamp="2025-02-17T19:22:22 IST" skipped="0">
  <testcase classname="RESTAPIPACKAGE.Test_GET" name="test_02" time="0.427"/>
  <system-out/>
  <testcase classname="RESTAPIPACKAGE.Test_GET" name="test_03" time="0.257"/>
  <system-out/>
  <testcase classname="RESTAPIPACKAGE.Test_GET" name="test_01" time="0.899"/>
  <system-out/>
</testsuite> <!-- RESTAPIPACKAGE.Test_GET -->
