<?xml version="1.0" encoding="UTF-8"?>
<!-- Generated by org.testng.reporters.JUnitReportReporter -->
<testsuite hostname="Kunwars-Air.lan" failures="0" tests="3" name="RESTAPIPACKAGE.Test1" time="2.268" errors="0" timestamp="2025-02-17T18:33:39 IST" skipped="0">
  <testcase classname="RESTAPIPACKAGE.Test1" name="test_02" time="0.556"/>
  <system-out/>
  <testcase classname="RESTAPIPACKAGE.Test1" name="test_01" time="0.973"/>
  <system-out/>
  <testcase classname="RESTAPIPACKAGE.Test1" name="test_03" time="0.739"/>
  <system-out/>
</testsuite> <!-- RESTAPIPACKAGE.Test1 -->
