<?xml version="1.0" encoding="UTF-8"?>
<!-- Generated by org.testng.reporters.JUnitReportReporter -->
<testsuite hostname="Kunwars-Air.lan" failures="0" tests="1" name="RESTAPIPACKAGE.Test_Put" time="1.123" errors="0" timestamp="2025-02-17T19:22:30 IST" skipped="0">
  <testcase classname="RESTAPIPACKAGE.Test_Put" name="test_put" time="1.123"/>
  <system-out/>
</testsuite> <!-- RESTAPIPACKAGE.Test_Put -->
