<?xml version="1.0" encoding="UTF-8"?>
<!-- Generated by org.testng.reporters.JUnitReportReporter -->
<testsuite hostname="Kunwars-Air.lan" failures="0" tests="1" name="RESTAPIPACKAGE.Test_Delete" time="1.244" errors="0" timestamp="2025-02-17T19:22:48 IST" skipped="0">
  <testcase classname="RESTAPIPACKAGE.Test_Delete" name="test_delete" time="1.244"/>
  <system-out/>
</testsuite> <!-- RESTAPIPACKAGE.Test_Delete -->
